Arguments: 
  F:\portfolio\node.exe C:\Users\think\AppData\Roaming\npm\node_modules\yarn\bin\yarn.js install

PATH: 
  C:\WINDOWS\system32;C:\WINDOWS;C:\WINDOWS\System32\Wbem;C:\WINDOWS\System32\WindowsPowerShell\v1.0\;C:\Program Files (x86)\ATI Technologies\ATI.ACE\Core-Static;C:\Program Files (x86)\Common Files\lenovo\easyplussdk\bin;C:\ProgramData\Lenovo\ReadyApps;F:\portfolio\;C:\ProgramData\chocolatey\bin;C:\Program Files\Git\cmd;;D:\common\Microsoft VS Code\bin;C:\Users\think\AppData\Roaming\npm

Yarn version: 
  1.22.10

Node version: 
  14.16.0

Platform: 
  win32 x64

Trace: 
  Error: https://registry.yarnpkg.com/rxjs/-/rxjs-6.6.7.tgz: ESOCKETTIMEDOUT
      at ClientRequest.<anonymous> (C:\Users\think\AppData\Roaming\npm\node_modules\yarn\lib\cli.js:141289:19)
      at Object.onceWrapper (events.js:421:28)
      at ClientRequest.emit (events.js:315:20)
      at TLSSocket.emitRequestTimeout (_http_client.js:784:9)
      at Object.onceWrapper (events.js:421:28)
      at TLSSocket.emit (events.js:327:22)
      at TLSSocket.Socket._onTimeout (net.js:483:8)
      at listOnTimeout (internal/timers.js:554:17)
      at processTimers (internal/timers.js:497:7)

npm manifest: 
  {
    "name": "scanner",
    "version": "0.1.0",
    "private": true,
    "scripts": {
      "serve": "vue-cli-service serve",
      "build": "vue-cli-service build",
      "lint": "vue-cli-service lint"
    },
    "dependencies": {
      "axios": "^0.21.1",
      "core-js": "^3.6.5",
      "vue": "^2.6.11",
      "vue-axios": "^3.2.4"
    },
    "devDependencies": {
      "@vue/cli-plugin-babel": "~4.5.0",
      "@vue/cli-plugin-eslint": "~4.5.0",
      "@vue/cli-service": "~4.5.0",
      "babel-eslint": "^10.1.0",
      "eslint": "^6.7.2",
      "eslint-plugin-vue": "^6.2.2",
      "vue-template-compiler": "^2.6.11"
    },
    "eslintConfig": {
      "root": true,
      "env": {
        "node": true
      },
      "extends": [
        "plugin:vue/essential",
        "eslint:recommended"
      ],
      "parserOptions": {
        "parser": "babel-eslint"
      },
      "rules": {}
    },
    "browserslist": [
      "> 1%",
      "last 2 versions",
      "not dead"
    ]
  }

yarn manifest: 
  No manifest

Lockfile: 
  No lockfile
